<?xml version="1.0" encoding="UTF-8"?>
<!-- Generated by org.testng.reporters.JUnitReportReporter -->
<testsuite skipped="0" hostname="IND-5CG44506DZ" name="framework.WalletHub.Assignment2WalletHub" tests="1" failures="0" timestamp="21 Nov 2019 06:52:24 GMT" time="59.844" errors="0">
  <testcase name="performActionsWH" time="59.844" classname="framework.WalletHub.Assignment2WalletHub"/>
</testsuite> <!-- framework.WalletHub.Assignment2WalletHub -->
