<?xml version="1.0" encoding="UTF-8"?>
<!-- Generated by org.testng.reporters.JUnitReportReporter -->
<testsuite skipped="0" hostname="IND-5CG44506DZ" name="framework.WalletHub.Assignment1FB" tests="1" failures="0" timestamp="20 Nov 2019 09:48:54 GMT" time="41.864" errors="0">
  <testcase name="facebookPost" time="41.864" classname="framework.WalletHub.Assignment1FB"/>
</testsuite> <!-- framework.WalletHub.Assignment1FB -->
